1562825718.850415 client started (8050): version next-2.9, socket /tmp/tmux-0/default, protocol 8
1562825718.850445 on Linux 3.10.0-514.el7.x86_64 #1 SMP Tue Nov 22 16:42:41 UTC 2016; libevent 2.0.21-stable (poll)
1562825718.850481 socket is /tmp/tmux-0/default
1562825718.850504 trying connect
1562825718.850558 add peer 0x1179180: 6 ((nil))
1562825718.850707 sending message 100 to peer 0x1179180 (4 bytes)
1562825718.850725 sending message 101 to peer 0x1179180 (16 bytes)
1562825718.850734 sending message 102 to peer 0x1179180 (11 bytes)
1562825718.850741 sending message 108 to peer 0x1179180 (32 bytes)
1562825718.850751 sending message 104 to peer 0x1179180 (0 bytes)
1562825718.850759 sending message 107 to peer 0x1179180 (4 bytes)
1562825718.850767 sending message 105 to peer 0x1179180 (12 bytes)
1562825718.850775 sending message 105 to peer 0x1179180 (17 bytes)
1562825718.850783 sending message 105 to peer 0x1179180 (23 bytes)
1562825718.850790 sending message 105 to peer 0x1179180 (15 bytes)
1562825718.850798 sending message 105 to peer 0x1179180 (11 bytes)
1562825718.850806 sending message 105 to peer 0x1179180 (14 bytes)
1562825718.850814 sending message 105 to peer 0x1179180 (17 bytes)
1562825718.850821 sending message 105 to peer 0x1179180 (21 bytes)
1562825718.850829 sending message 105 to peer 0x1179180 (8 bytes)
1562825718.850837 sending message 105 to peer 0x1179180 (35 bytes)
1562825718.850845 sending message 105 to peer 0x1179180 (13 bytes)
1562825718.850852 sending message 105 to peer 0x1179180 (32 bytes)
1562825718.850861 sending message 105 to peer 0x1179180 (1720 bytes)
1562825718.850878 sending message 105 to peer 0x1179180 (26 bytes)
1562825718.850886 sending message 105 to peer 0x1179180 (39 bytes)
1562825718.850894 sending message 105 to peer 0x1179180 (11 bytes)
1562825718.850902 sending message 105 to peer 0x1179180 (275 bytes)
1562825718.850910 sending message 105 to peer 0x1179180 (42 bytes)
1562825718.850918 sending message 105 to peer 0x1179180 (36 bytes)
1562825718.850925 sending message 105 to peer 0x1179180 (24 bytes)
1562825718.850933 sending message 105 to peer 0x1179180 (16 bytes)
1562825718.850941 sending message 105 to peer 0x1179180 (25 bytes)
1562825718.850948 sending message 105 to peer 0x1179180 (24 bytes)
1562825718.850956 sending message 105 to peer 0x1179180 (27 bytes)
1562825718.850964 sending message 105 to peer 0x1179180 (15 bytes)
1562825718.850971 sending message 105 to peer 0x1179180 (8 bytes)
1562825718.850979 sending message 105 to peer 0x1179180 (35 bytes)
1562825718.850987 sending message 105 to peer 0x1179180 (53 bytes)
1562825718.850995 sending message 105 to peer 0x1179180 (19 bytes)
1562825718.851002 sending message 105 to peer 0x1179180 (21 bytes)
1562825718.851010 sending message 105 to peer 0x1179180 (32 bytes)
1562825718.851018 sending message 105 to peer 0x1179180 (13 bytes)
1562825718.851026 sending message 105 to peer 0x1179180 (46 bytes)
1562825718.851034 sending message 105 to peer 0x1179180 (10 bytes)
1562825718.851041 sending message 105 to peer 0x1179180 (28 bytes)
1562825718.851106 sending message 105 to peer 0x1179180 (17 bytes)
1562825718.851117 sending message 105 to peer 0x1179180 (21 bytes)
1562825718.851125 sending message 105 to peer 0x1179180 (22 bytes)
1562825718.851133 sending message 106 to peer 0x1179180 (0 bytes)
1562825718.851144 sending message 200 to peer 0x1179180 (4 bytes)
1562825718.851149 client loop enter
1562825718.851780 peer 0x1179180 message 211
1562825718.851798 client_write: sessions should be nested with care, unset $TMUX to force\n
1562825718.851813 peer 0x1179180 message 203
1562825718.851819 client loop exit
